<?xml version="1.0" encoding="UTF-8"?>
<testng-results skipped="0" failed="0" ignored="0" total="1" passed="1">
  <reporter-output>
  </reporter-output>
  <suite name="Suite" duration-ms="14757" started-at="2020-10-11T22:58:19 IST" finished-at="2020-10-11T22:58:34 IST">
    <groups>
    </groups>
    <test name="Test" duration-ms="14757" started-at="2020-10-11T22:58:19 IST" finished-at="2020-10-11T22:58:34 IST">
      <class name="Test.NewTest">
        <test-method status="PASS" signature="f()[pri:0, instance:Test.NewTest@2436ea2f]" name="f" duration-ms="14623" started-at="2020-10-11T22:58:20 IST" finished-at="2020-10-11T22:58:34 IST">
          <reporter-output>
          </reporter-output>
        </test-method> <!-- f -->
      </class> <!-- Test.NewTest -->
    </test> <!-- Test -->
  </suite> <!-- Suite -->
</testng-results>
